<?xml version="1.0" encoding="UTF-8"?>
<!-- Generated by org.testng.reporters.JUnitXMLReporter -->
<testsuite ignored="6" hostname="DESKTOP-S5RPUEQ" failures="0" tests="4" name="Test" time="80.559" errors="0" timestamp="2023-11-22T14:48:54 IST">
  <testcase classname="datadrivenprograms.Demo1" name="test1" time="0.007"/>
  <testcase classname="datadrivenprograms.practies1" name="test1" time="0.003"/>
  <testcase classname="datadrivenprograms.practies1" name="test2" time="0.003"/>
  <testcase classname="datadrivenprograms.Sample1" name="test1" time="0.002"/>
  <testcase classname="com.hms.GenricUtils.BaseClass" name="@BeforeSuite cofig_DB" time="0.0">
    <ignored/>
  </testcase> <!-- @BeforeSuite cofig_DB -->
  <testcase classname="com.hms.GenricUtils.BaseClass" name="@AfterSuite config_AS" time="0.0">
    <ignored/>
  </testcase> <!-- @AfterSuite config_AS -->
  <testcase classname="com.hms.GenricUtils.BaseClass" name="@AfterSuite config_AS" time="0.0">
    <ignored/>
  </testcase> <!-- @AfterSuite config_AS -->
  <testcase classname="datadrivenprograms.Demo1" name="test2" time="0.0">
    <ignored/>
  </testcase> <!-- test2 -->
  <testcase classname="com.hms.GenricUtils.BaseClass" name="@BeforeSuite cofig_DB" time="0.0">
    <ignored/>
  </testcase> <!-- @BeforeSuite cofig_DB -->
  <testcase classname="datadrivenprograms.Sample1" name="test2" time="0.0">
    <ignored/>
  </testcase> <!-- test2 -->
</testsuite> <!-- Test -->
