<?xml version="1.0" encoding="UTF-8"?>
<testng-results ignored="0" total="1" passed="1" failed="0" skipped="0">
  <reporter-output>
  </reporter-output>
  <suite started-at="2023-11-30T15:53:26 IST" name="Default suite" finished-at="2023-11-30T15:53:37 IST" duration-ms="10703">
    <groups>
    </groups>
    <test started-at="2023-11-30T15:53:26 IST" name="Default test" finished-at="2023-11-30T15:53:37 IST" duration-ms="10703">
      <class name="com.doctor.newdoctor">
        <test-method signature="test4()[pri:0, instance:com.doctor.newdoctor@55634720]" started-at="2023-11-30T15:53:26 IST" name="test4" finished-at="2023-11-30T15:53:37 IST" duration-ms="10636" status="PASS">
          <reporter-output>
          </reporter-output>
        </test-method> <!-- test4 -->
      </class> <!-- com.doctor.newdoctor -->
    </test> <!-- Default test -->
  </suite> <!-- Default suite -->
</testng-results>
